# JRE version: OpenJDK Runtime Environment (8.0_202-b03) (build 1.8.0_202-release-1483-b03)
# Java VM: OpenJDK 64-Bit Server VM (25.202-b03 mixed mode windows-amd64 compressed oops)
Heap:
 PSYoungGen      total 327168K, used 314224K [0x00000000e0000000, 0x00000000f8480000, 0x0000000100000000)
  eden space 295936K, 98% used [0x00000000e0000000,0x00000000f1c6f908,0x00000000f2100000)
  from space 31232K, 73% used [0x00000000f2100000,0x00000000f376c9a0,0x00000000f3f80000)
  to   space 32256K, 0% used [0x00000000f6500000,0x00000000f6500000,0x00000000f8480000)
 ParOldGen       total 256000K, used 58263K [0x00000000a0000000, 0x00000000afa00000, 0x00000000e0000000)
  object space 256000K, 22% used [0x00000000a0000000,0x00000000a38e5f40,0x00000000afa00000)
 Metaspace       used 93852K, capacity 98440K, committed 98472K, reserved 1134592K
  class space    used 12056K, capacity 12960K, committed 12968K, reserved 1048576K
GC Heap History (10 events):
Event: 47.576 GC heap before
{Heap before GC invocations=14 (full 3):
 PSYoungGen      total 238592K, used 238238K [0x00000000e0000000, 0x00000000f1100000, 0x0000000100000000)
  eden space 224256K, 100% used [0x00000000e0000000,0x00000000edb00000,0x00000000edb00000)
  from space 14336K, 97% used [0x00000000f0300000,0x00000000f10a7988,0x00000000f1100000)
  to   space 23040K, 0% used [0x00000000ee400000,0x00000000ee400000,0x00000000efa80000)
 ParOldGen       total 256000K, used 34215K [0x00000000a0000000, 0x00000000afa00000, 0x00000000e0000000)
  object space 256000K, 13% used [0x00000000a0000000,0x00000000a2169f08,0x00000000afa00000)
 Metaspace       used 73818K, capacity 77268K, committed 77608K, reserved 1116160K
  class space    used 9715K, capacity 10433K, committed 10536K, reserved 1048576K
Event: 47.704 GC heap after
Heap after GC invocations=14 (full 3):
 PSYoungGen      total 256512K, used 23029K [0x00000000e0000000, 0x00000000f3580000, 0x0000000100000000)
  eden space 233472K, 0% used [0x00000000e0000000,0x00000000e0000000,0x00000000ee400000)
  from space 23040K, 99% used [0x00000000ee400000,0x00000000efa7d460,0x00000000efa80000)
  to   space 27136K, 0% used [0x00000000f1b00000,0x00000000f1b00000,0x00000000f3580000)
 ParOldGen       total 256000K, used 38793K [0x00000000a0000000, 0x00000000afa00000, 0x00000000e0000000)
  object space 256000K, 15% used [0x00000000a0000000,0x00000000a25e26a0,0x00000000afa00000)
 Metaspace       used 73818K, capacity 77268K, committed 77608K, reserved 1116160K
  class space    used 9715K, capacity 10433K, committed 10536K, reserved 1048576K
}
Event: 51.633 GC heap before
{Heap before GC invocations=15 (full 3):
 PSYoungGen      total 256512K, used 256501K [0x00000000e0000000, 0x00000000f3580000, 0x0000000100000000)
  eden space 233472K, 100% used [0x00000000e0000000,0x00000000ee400000,0x00000000ee400000)
  from space 23040K, 99% used [0x00000000ee400000,0x00000000efa7d460,0x00000000efa80000)
  to   space 27136K, 0% used [0x00000000f1b00000,0x00000000f1b00000,0x00000000f3580000)
 ParOldGen       total 256000K, used 38793K [0x00000000a0000000, 0x00000000afa00000, 0x00000000e0000000)
  object space 256000K, 15% used [0x00000000a0000000,0x00000000a25e26a0,0x00000000afa00000)
 Metaspace       used 78055K, capacity 81624K, committed 81832K, reserved 1120256K
  class space    used 10155K, capacity 10903K, committed 10920K, reserved 1048576K
Event: 51.785 GC heap after
Heap after GC invocations=15 (full 3):
 PSYoungGen      total 284672K, used 27110K [0x00000000e0000000, 0x00000000f5180000, 0x0000000100000000)
  eden space 257536K, 0% used [0x00000000e0000000,0x00000000e0000000,0x00000000efb80000)
  from space 27136K, 99% used [0x00000000f1b00000,0x00000000f35798b0,0x00000000f3580000)
  to   space 32256K, 0% used [0x00000000efb80000,0x00000000efb80000,0x00000000f1b00000)
 ParOldGen       total 256000K, used 43117K [0x00000000a0000000, 0x00000000afa00000, 0x00000000e0000000)
  object space 256000K, 16% used [0x00000000a0000000,0x00000000a2a1b6e0,0x00000000afa00000)
 Metaspace       used 78055K, capacity 81624K, committed 81832K, reserved 1120256K
  class space    used 10155K, capacity 10903K, committed 10920K, reserved 1048576K
}
Event: 1201.082 GC heap before
{Heap before GC invocations=16 (full 3):
 PSYoungGen      total 284672K, used 284646K [0x00000000e0000000, 0x00000000f5180000, 0x0000000100000000)
  eden space 257536K, 100% used [0x00000000e0000000,0x00000000efb80000,0x00000000efb80000)
  from space 27136K, 99% used [0x00000000f1b00000,0x00000000f35798b0,0x00000000f3580000)
  to   space 32256K, 0% used [0x00000000efb80000,0x00000000efb80000,0x00000000f1b00000)
 ParOldGen       total 256000K, used 43117K [0x00000000a0000000, 0x00000000afa00000, 0x00000000e0000000)
  object space 256000K, 16% used [0x00000000a0000000,0x00000000a2a1b6e0,0x00000000afa00000)
 Metaspace       used 79353K, capacity 83238K, committed 83368K, reserved 1122304K
  class space    used 10263K, capacity 11071K, committed 11176K, reserved 1048576K
Event: 1201.107 GC heap after
Heap after GC invocations=16 (full 3):
 PSYoungGen      total 289792K, used 7194K [0x00000000e0000000, 0x00000000f6480000, 0x0000000100000000)
  eden space 257536K, 0% used [0x00000000e0000000,0x00000000e0000000,0x00000000efb80000)
  from space 32256K, 22% used [0x00000000efb80000,0x00000000f0286ab8,0x00000000f1b00000)
  to   space 32256K, 0% used [0x00000000f4500000,0x00000000f4500000,0x00000000f6480000)
 ParOldGen       total 256000K, used 58239K [0x00000000a0000000, 0x00000000afa00000, 0x00000000e0000000)
  object space 256000K, 22% used [0x00000000a0000000,0x00000000a38dff40,0x00000000afa00000)
 Metaspace       used 79353K, capacity 83238K, committed 83368K, reserved 1122304K
  class space    used 10263K, capacity 11071K, committed 11176K, reserved 1048576K
}
Event: 1204.027 GC heap before
{Heap before GC invocations=17 (full 3):
 PSYoungGen      total 289792K, used 264730K [0x00000000e0000000, 0x00000000f6480000, 0x0000000100000000)
  eden space 257536K, 100% used [0x00000000e0000000,0x00000000efb80000,0x00000000efb80000)
  from space 32256K, 22% used [0x00000000efb80000,0x00000000f0286ab8,0x00000000f1b00000)
  to   space 32256K, 0% used [0x00000000f4500000,0x00000000f4500000,0x00000000f6480000)
 ParOldGen       total 256000K, used 58239K [0x00000000a0000000, 0x00000000afa00000, 0x00000000e0000000)
  object space 256000K, 22% used [0x00000000a0000000,0x00000000a38dff40,0x00000000afa00000)
 Metaspace       used 80972K, capacity 85034K, committed 85288K, reserved 1124352K
  class space    used 10419K, capacity 11223K, committed 11304K, reserved 1048576K
Event: 1204.050 GC heap after
Heap after GC invocations=17 (full 3):
 PSYoungGen      total 321536K, used 16942K [0x00000000e0000000, 0x00000000f5e00000, 0x0000000100000000)
  eden space 295936K, 0% used [0x00000000e0000000,0x00000000e0000000,0x00000000f2100000)
  from space 25600K, 66% used [0x00000000f4500000,0x00000000f558b940,0x00000000f5e00000)
  to   space 31232K, 0% used [0x00000000f2100000,0x00000000f2100000,0x00000000f3f80000)
 ParOldGen       total 256000K, used 58255K [0x00000000a0000000, 0x00000000afa00000, 0x00000000e0000000)
  object space 256000K, 22% used [0x00000000a0000000,0x00000000a38e3f40,0x00000000afa00000)
 Metaspace       used 80972K, capacity 85034K, committed 85288K, reserved 1124352K
  class space    used 10419K, capacity 11223K, committed 11304K, reserved 1048576K
}
Event: 1209.154 GC heap before
{Heap before GC invocations=18 (full 3):
 PSYoungGen      total 321536K, used 312428K [0x00000000e0000000, 0x00000000f5e00000, 0x0000000100000000)
  eden space 295936K, 99% used [0x00000000e0000000,0x00000000f208f800,0x00000000f2100000)
  from space 25600K, 66% used [0x00000000f4500000,0x00000000f558b940,0x00000000f5e00000)
  to   space 31232K, 0% used [0x00000000f2100000,0x00000000f2100000,0x00000000f3f80000)
 ParOldGen       total 256000K, used 58255K [0x00000000a0000000, 0x00000000afa00000, 0x00000000e0000000)
  object space 256000K, 22% used [0x00000000a0000000,0x00000000a38e3f40,0x00000000afa00000)
 Metaspace       used 85730K, capacity 89792K, committed 89896K, reserved 1128448K
  class space    used 11000K, capacity 11814K, committed 11816K, reserved 1048576K
Event: 1209.171 GC heap after
Heap after GC invocations=18 (full 3):
 PSYoungGen      total 327168K, used 22962K [0x00000000e0000000, 0x00000000f8480000, 0x0000000100000000)
  eden space 295936K, 0% used [0x00000000e0000000,0x00000000e0000000,0x00000000f2100000)
  from space 31232K, 73% used [0x00000000f2100000,0x00000000f376c9a0,0x00000000f3f80000)
  to   space 32256K, 0% used [0x00000000f6500000,0x00000000f6500000,0x00000000f8480000)
 ParOldGen       total 256000K, used 58263K [0x00000000a0000000, 0x00000000afa00000, 0x00000000e0000000)
  object space 256000K, 22% used [0x00000000a0000000,0x00000000a38e5f40,0x00000000afa00000)
 Metaspace       used 85730K, capacity 89792K, committed 89896K, reserved 1128448K
  class space    used 11000K, capacity 11814K, committed 11816K, reserved 1048576K
}

